# JRE version: Java(TM) SE Runtime Environment (8.0_112-b15) (build 1.8.0_112-b15)
# Java VM: Java HotSpot(TM) 64-Bit Server VM (25.112-b15 mixed mode linux-amd64 compressed oops)
Heap:
 PSYoungGen      total 202240K, used 74262K [0x00000000ebd00000, 0x00000000f8400000, 0x0000000100000000)
  eden space 200704K, 36% used [0x00000000ebd00000,0x00000000f05359b8,0x00000000f8100000)
  from space 1536K, 20% used [0x00000000f8280000,0x00000000f82d0000,0x00000000f8400000)
  to   space 1536K, 0% used [0x00000000f8100000,0x00000000f8100000,0x00000000f8280000)
 ParOldGen       total 42496K, used 1318K [0x00000000c3600000, 0x00000000c5f80000, 0x00000000ebd00000)
  object space 42496K, 3% used [0x00000000c3600000,0x00000000c3749838,0x00000000c5f80000)
 Metaspace       used 6672K, capacity 6946K, committed 7296K, reserved 1056768K
  class space    used 715K, capacity 796K, committed 896K, reserved 1048576K
GC Heap History (10 events):
Event: 0,725 GC heap before
{Heap before GC invocations=6 (full 0):
 PSYoungGen      total 34304K, used 32512K [0x00000000ebd00000, 0x00000000efd00000, 0x0000000100000000)
  eden space 31744K, 100% used [0x00000000ebd00000,0x00000000edc00000,0x00000000edc00000)
  from space 2560K, 30% used [0x00000000edc00000,0x00000000edcc0020,0x00000000ede80000)
  to   space 1024K, 0% used [0x00000000efc00000,0x00000000efc00000,0x00000000efd00000)
 ParOldGen       total 42496K, used 40K [0x00000000c3600000, 0x00000000c5f80000, 0x00000000ebd00000)
  object space 42496K, 0% used [0x00000000c3600000,0x00000000c360a000,0x00000000c5f80000)
 Metaspace       used 4490K, capacity 4746K, committed 4864K, reserved 1056768K
  class space    used 479K, capacity 494K, committed 512K, reserved 1048576K
Event: 0,731 GC heap after
Heap after GC invocations=6 (full 0):
 PSYoungGen      total 64000K, used 1014K [0x00000000ebd00000, 0x00000000efe00000, 0x0000000100000000)
  eden space 62976K, 0% used [0x00000000ebd00000,0x00000000ebd00000,0x00000000efa80000)
  from space 1024K, 99% used [0x00000000efc00000,0x00000000efcfd940,0x00000000efd00000)
  to   space 1536K, 0% used [0x00000000efa80000,0x00000000efa80000,0x00000000efc00000)
 ParOldGen       total 42496K, used 174K [0x00000000c3600000, 0x00000000c5f80000, 0x00000000ebd00000)
  object space 42496K, 0% used [0x00000000c3600000,0x00000000c362b9e8,0x00000000c5f80000)
 Metaspace       used 4490K, capacity 4746K, committed 4864K, reserved 1056768K
  class space    used 479K, capacity 494K, committed 512K, reserved 1048576K
}
Event: 0,839 GC heap before
{Heap before GC invocations=7 (full 0):
 PSYoungGen      total 64000K, used 63990K [0x00000000ebd00000, 0x00000000efe00000, 0x0000000100000000)
  eden space 62976K, 100% used [0x00000000ebd00000,0x00000000efa80000,0x00000000efa80000)
  from space 1024K, 99% used [0x00000000efc00000,0x00000000efcfd940,0x00000000efd00000)
  to   space 1536K, 0% used [0x00000000efa80000,0x00000000efa80000,0x00000000efc00000)
 ParOldGen       total 42496K, used 174K [0x00000000c3600000, 0x00000000c5f80000, 0x00000000ebd00000)
  object space 42496K, 0% used [0x00000000c3600000,0x00000000c362b9e8,0x00000000c5f80000)
 Metaspace       used 5074K, capacity 5204K, committed 5504K, reserved 1056768K
  class space    used 541K, capacity 560K, committed 640K, reserved 1048576K
Event: 0,846 GC heap after
Heap after GC invocations=7 (full 0):
 PSYoungGen      total 64512K, used 736K [0x00000000ebd00000, 0x00000000f3a00000, 0x0000000100000000)
  eden space 62976K, 0% used [0x00000000ebd00000,0x00000000ebd00000,0x00000000efa80000)
  from space 1536K, 47% used [0x00000000efa80000,0x00000000efb38000,0x00000000efc00000)
  to   space 1024K, 0% used [0x00000000f3900000,0x00000000f3900000,0x00000000f3a00000)
 ParOldGen       total 42496K, used 630K [0x00000000c3600000, 0x00000000c5f80000, 0x00000000ebd00000)
  object space 42496K, 1% used [0x00000000c3600000,0x00000000c369da18,0x00000000c5f80000)
 Metaspace       used 5074K, capacity 5204K, committed 5504K, reserved 1056768K
  class space    used 541K, capacity 560K, committed 640K, reserved 1048576K
}
Event: 0,930 GC heap before
{Heap before GC invocations=8 (full 0):
 PSYoungGen      total 64512K, used 63712K [0x00000000ebd00000, 0x00000000f3a00000, 0x0000000100000000)
  eden space 62976K, 100% used [0x00000000ebd00000,0x00000000efa80000,0x00000000efa80000)
  from space 1536K, 47% used [0x00000000efa80000,0x00000000efb38000,0x00000000efc00000)
  to   space 1024K, 0% used [0x00000000f3900000,0x00000000f3900000,0x00000000f3a00000)
 ParOldGen       total 42496K, used 630K [0x00000000c3600000, 0x00000000c5f80000, 0x00000000ebd00000)
  object space 42496K, 1% used [0x00000000c3600000,0x00000000c369da18,0x00000000c5f80000)
 Metaspace       used 5278K, capacity 5434K, committed 5504K, reserved 1056768K
  class space    used 568K, capacity 593K, committed 640K, reserved 1048576K
Event: 0,933 GC heap after
Heap after GC invocations=8 (full 0):
 PSYoungGen      total 126464K, used 917K [0x00000000ebd00000, 0x00000000f3b00000, 0x0000000100000000)
  eden space 125440K, 0% used [0x00000000ebd00000,0x00000000ebd00000,0x00000000f3780000)
  from space 1024K, 89% used [0x00000000f3900000,0x00000000f39e5570,0x00000000f3a00000)
  to   space 1536K, 0% used [0x00000000f3780000,0x00000000f3780000,0x00000000f3900000)
 ParOldGen       total 42496K, used 718K [0x00000000c3600000, 0x00000000c5f80000, 0x00000000ebd00000)
  object space 42496K, 1% used [0x00000000c3600000,0x00000000c36b3a18,0x00000000c5f80000)
 Metaspace       used 5278K, capacity 5434K, committed 5504K, reserved 1056768K
  class space    used 568K, capacity 593K, committed 640K, reserved 1048576K
}
Event: 1,138 GC heap before
{Heap before GC invocations=9 (full 0):
 PSYoungGen      total 126464K, used 126357K [0x00000000ebd00000, 0x00000000f3b00000, 0x0000000100000000)
  eden space 125440K, 100% used [0x00000000ebd00000,0x00000000f3780000,0x00000000f3780000)
  from space 1024K, 89% used [0x00000000f3900000,0x00000000f39e5570,0x00000000f3a00000)
  to   space 1536K, 0% used [0x00000000f3780000,0x00000000f3780000,0x00000000f3900000)
 ParOldGen       total 42496K, used 718K [0x00000000c3600000, 0x00000000c5f80000, 0x00000000ebd00000)
  object space 42496K, 1% used [0x00000000c3600000,0x00000000c36b3a18,0x00000000c5f80000)
 Metaspace       used 6351K, capacity 6576K, committed 6656K, reserved 1056768K
  class space    used 688K, capacity 761K, committed 768K, reserved 1048576K
Event: 1,142 GC heap after
Heap after GC invocations=9 (full 0):
 PSYoungGen      total 126976K, used 1366K [0x00000000ebd00000, 0x00000000f8400000, 0x0000000100000000)
  eden space 125440K, 0% used [0x00000000ebd00000,0x00000000ebd00000,0x00000000f3780000)
  from space 1536K, 88% used [0x00000000f3780000,0x00000000f38d5980,0x00000000f3900000)
  to   space 1536K, 0% used [0x00000000f8280000,0x00000000f8280000,0x00000000f8400000)
 ParOldGen       total 42496K, used 1046K [0x00000000c3600000, 0x00000000c5f80000, 0x00000000ebd00000)
  object space 42496K, 2% used [0x00000000c3600000,0x00000000c3705838,0x00000000c5f80000)
 Metaspace       used 6351K, capacity 6576K, committed 6656K, reserved 1056768K
  class space    used 688K, capacity 761K, committed 768K, reserved 1048576K
}
Event: 1,336 GC heap before
{Heap before GC invocations=10 (full 0):
 PSYoungGen      total 126976K, used 126806K [0x00000000ebd00000, 0x00000000f8400000, 0x0000000100000000)
  eden space 125440K, 100% used [0x00000000ebd00000,0x00000000f3780000,0x00000000f3780000)
  from space 1536K, 88% used [0x00000000f3780000,0x00000000f38d5980,0x00000000f3900000)
  to   space 1536K, 0% used [0x00000000f8280000,0x00000000f8280000,0x00000000f8400000)
 ParOldGen       total 42496K, used 1046K [0x00000000c3600000, 0x00000000c5f80000, 0x00000000ebd00000)
  object space 42496K, 2% used [0x00000000c3600000,0x00000000c3705838,0x00000000c5f80000)
 Metaspace       used 6533K, capacity 6786K, committed 6912K, reserved 1056768K
  class space    used 698K, capacity 764K, committed 768K, reserved 1048576K
Event: 1,339 GC heap after
Heap after GC invocations=10 (full 0):
 PSYoungGen      total 202240K, used 320K [0x00000000ebd00000, 0x00000000f8400000, 0x0000000100000000)
  eden space 200704K, 0% used [0x00000000ebd00000,0x00000000ebd00000,0x00000000f8100000)
  from space 1536K, 20% used [0x00000000f8280000,0x00000000f82d0000,0x00000000f8400000)
  to   space 1536K, 0% used [0x00000000f8100000,0x00000000f8100000,0x00000000f8280000)
 ParOldGen       total 42496K, used 1318K [0x00000000c3600000, 0x00000000c5f80000, 0x00000000ebd00000)
  object space 42496K, 3% used [0x00000000c3600000,0x00000000c3749838,0x00000000c5f80000)
 Metaspace       used 6533K, capacity 6786K, committed 6912K, reserved 1056768K
  class space    used 698K, capacity 764K, committed 768K, reserved 1048576K
}

