# JRE version: Java(TM) SE Runtime Environment (8.0_112-b15) (build 1.8.0_112-b15)
# Java VM: Java HotSpot(TM) 64-Bit Server VM (25.112-b15 mixed mode linux-amd64 compressed oops)
Heap:
 PSYoungGen      total 36352K, used 24855K [0x00000000ebd00000, 0x00000000eed80000, 0x0000000100000000)
  eden space 34816K, 71% used [0x00000000ebd00000,0x00000000ed525d98,0x00000000edf00000)
  from space 1536K, 8% used [0x00000000eea80000,0x00000000eeaa0000,0x00000000eec00000)
  to   space 1536K, 0% used [0x00000000eec00000,0x00000000eec00000,0x00000000eed80000)
 ParOldGen       total 42496K, used 1512K [0x00000000c3600000, 0x00000000c5f80000, 0x00000000ebd00000)
  object space 42496K, 3% used [0x00000000c3600000,0x00000000c377a050,0x00000000c5f80000)
 Metaspace       used 6542K, capacity 6788K, committed 6912K, reserved 1056768K
  class space    used 698K, capacity 763K, committed 768K, reserved 1048576K
GC Heap History (10 events):
Event: 15,583 GC heap before
{Heap before GC invocations=21 (full 0):
 PSYoungGen      total 40448K, used 40032K [0x00000000ebd00000, 0x00000000ef080000, 0x0000000100000000)
  eden space 39936K, 100% used [0x00000000ebd00000,0x00000000ee400000,0x00000000ee400000)
  from space 512K, 18% used [0x00000000ef000000,0x00000000ef018000,0x00000000ef080000)
  to   space 2048K, 0% used [0x00000000eec80000,0x00000000eec80000,0x00000000eee80000)
 ParOldGen       total 42496K, used 1504K [0x00000000c3600000, 0x00000000c5f80000, 0x00000000ebd00000)
  object space 42496K, 3% used [0x00000000c3600000,0x00000000c3778050,0x00000000c5f80000)
 Metaspace       used 6542K, capacity 6788K, committed 6912K, reserved 1056768K
  class space    used 698K, capacity 763K, committed 768K, reserved 1048576K
Event: 15,584 GC heap after
Heap after GC invocations=21 (full 0):
 PSYoungGen      total 40960K, used 128K [0x00000000ebd00000, 0x00000000ef080000, 0x0000000100000000)
  eden space 38912K, 0% used [0x00000000ebd00000,0x00000000ebd00000,0x00000000ee300000)
  from space 2048K, 6% used [0x00000000eec80000,0x00000000eeca0000,0x00000000eee80000)
  to   space 2048K, 0% used [0x00000000eee80000,0x00000000eee80000,0x00000000ef080000)
 ParOldGen       total 42496K, used 1504K [0x00000000c3600000, 0x00000000c5f80000, 0x00000000ebd00000)
  object space 42496K, 3% used [0x00000000c3600000,0x00000000c3778050,0x00000000c5f80000)
 Metaspace       used 6542K, capacity 6788K, committed 6912K, reserved 1056768K
  class space    used 698K, capacity 763K, committed 768K, reserved 1048576K
}
Event: 16,101 GC heap before
{Heap before GC invocations=22 (full 0):
 PSYoungGen      total 40960K, used 39040K [0x00000000ebd00000, 0x00000000ef080000, 0x0000000100000000)
  eden space 38912K, 100% used [0x00000000ebd00000,0x00000000ee300000,0x00000000ee300000)
  from space 2048K, 6% used [0x00000000eec80000,0x00000000eeca0000,0x00000000eee80000)
  to   space 2048K, 0% used [0x00000000eee80000,0x00000000eee80000,0x00000000ef080000)
 ParOldGen       total 42496K, used 1504K [0x00000000c3600000, 0x00000000c5f80000, 0x00000000ebd00000)
  object space 42496K, 3% used [0x00000000c3600000,0x00000000c3778050,0x00000000c5f80000)
 Metaspace       used 6542K, capacity 6788K, committed 6912K, reserved 1056768K
  class space    used 698K, capacity 763K, committed 768K, reserved 1048576K
Event: 16,102 GC heap after
Heap after GC invocations=22 (full 0):
 PSYoungGen      total 38400K, used 64K [0x00000000ebd00000, 0x00000000eef00000, 0x0000000100000000)
  eden space 37888K, 0% used [0x00000000ebd00000,0x00000000ebd00000,0x00000000ee200000)
  from space 512K, 12% used [0x00000000eee80000,0x00000000eee90000,0x00000000eef00000)
  to   space 2048K, 0% used [0x00000000eeb00000,0x00000000eeb00000,0x00000000eed00000)
 ParOldGen       total 42496K, used 1512K [0x00000000c3600000, 0x00000000c5f80000, 0x00000000ebd00000)
  object space 42496K, 3% used [0x00000000c3600000,0x00000000c377a050,0x00000000c5f80000)
 Metaspace       used 6542K, capacity 6788K, committed 6912K, reserved 1056768K
  class space    used 698K, capacity 763K, committed 768K, reserved 1048576K
}
Event: 16,640 GC heap before
{Heap before GC invocations=23 (full 0):
 PSYoungGen      total 38400K, used 37952K [0x00000000ebd00000, 0x00000000eef00000, 0x0000000100000000)
  eden space 37888K, 100% used [0x00000000ebd00000,0x00000000ee200000,0x00000000ee200000)
  from space 512K, 12% used [0x00000000eee80000,0x00000000eee90000,0x00000000eef00000)
  to   space 2048K, 0% used [0x00000000eeb00000,0x00000000eeb00000,0x00000000eed00000)
 ParOldGen       total 42496K, used 1512K [0x00000000c3600000, 0x00000000c5f80000, 0x00000000ebd00000)
  object space 42496K, 3% used [0x00000000c3600000,0x00000000c377a050,0x00000000c5f80000)
 Metaspace       used 6542K, capacity 6788K, committed 6912K, reserved 1056768K
  class space    used 698K, capacity 763K, committed 768K, reserved 1048576K
Event: 16,641 GC heap after
Heap after GC invocations=23 (full 0):
 PSYoungGen      total 38912K, used 128K [0x00000000ebd00000, 0x00000000eef00000, 0x0000000100000000)
  eden space 36864K, 0% used [0x00000000ebd00000,0x00000000ebd00000,0x00000000ee100000)
  from space 2048K, 6% used [0x00000000eeb00000,0x00000000eeb20000,0x00000000eed00000)
  to   space 2048K, 0% used [0x00000000eed00000,0x00000000eed00000,0x00000000eef00000)
 ParOldGen       total 42496K, used 1512K [0x00000000c3600000, 0x00000000c5f80000, 0x00000000ebd00000)
  object space 42496K, 3% used [0x00000000c3600000,0x00000000c377a050,0x00000000c5f80000)
 Metaspace       used 6542K, capacity 6788K, committed 6912K, reserved 1056768K
  class space    used 698K, capacity 763K, committed 768K, reserved 1048576K
}
Event: 17,125 GC heap before
{Heap before GC invocations=24 (full 0):
 PSYoungGen      total 38912K, used 36992K [0x00000000ebd00000, 0x00000000eef00000, 0x0000000100000000)
  eden space 36864K, 100% used [0x00000000ebd00000,0x00000000ee100000,0x00000000ee100000)
  from space 2048K, 6% used [0x00000000eeb00000,0x00000000eeb20000,0x00000000eed00000)
  to   space 2048K, 0% used [0x00000000eed00000,0x00000000eed00000,0x00000000eef00000)
 ParOldGen       total 42496K, used 1512K [0x00000000c3600000, 0x00000000c5f80000, 0x00000000ebd00000)
  object space 42496K, 3% used [0x00000000c3600000,0x00000000c377a050,0x00000000c5f80000)
 Metaspace       used 6542K, capacity 6788K, committed 6912K, reserved 1056768K
  class space    used 698K, capacity 763K, committed 768K, reserved 1048576K
Event: 17,126 GC heap after
Heap after GC invocations=24 (full 0):
 PSYoungGen      total 36352K, used 128K [0x00000000ebd00000, 0x00000000eed80000, 0x0000000100000000)
  eden space 35840K, 0% used [0x00000000ebd00000,0x00000000ebd00000,0x00000000ee000000)
  from space 512K, 25% used [0x00000000eed00000,0x00000000eed20000,0x00000000eed80000)
  to   space 1536K, 0% used [0x00000000eea80000,0x00000000eea80000,0x00000000eec00000)
 ParOldGen       total 42496K, used 1512K [0x00000000c3600000, 0x00000000c5f80000, 0x00000000ebd00000)
  object space 42496K, 3% used [0x00000000c3600000,0x00000000c377a050,0x00000000c5f80000)
 Metaspace       used 6542K, capacity 6788K, committed 6912K, reserved 1056768K
  class space    used 698K, capacity 763K, committed 768K, reserved 1048576K
}
Event: 17,594 GC heap before
{Heap before GC invocations=25 (full 0):
 PSYoungGen      total 36352K, used 35968K [0x00000000ebd00000, 0x00000000eed80000, 0x0000000100000000)
  eden space 35840K, 100% used [0x00000000ebd00000,0x00000000ee000000,0x00000000ee000000)
  from space 512K, 25% used [0x00000000eed00000,0x00000000eed20000,0x00000000eed80000)
  to   space 1536K, 0% used [0x00000000eea80000,0x00000000eea80000,0x00000000eec00000)
 ParOldGen       total 42496K, used 1512K [0x00000000c3600000, 0x00000000c5f80000, 0x00000000ebd00000)
  object space 42496K, 3% used [0x00000000c3600000,0x00000000c377a050,0x00000000c5f80000)
 Metaspace       used 6542K, capacity 6788K, committed 6912K, reserved 1056768K
  class space    used 698K, capacity 763K, committed 768K, reserved 1048576K
Event: 17,595 GC heap after
Heap after GC invocations=25 (full 0):
 PSYoungGen      total 36352K, used 128K [0x00000000ebd00000, 0x00000000eed80000, 0x0000000100000000)
  eden space 34816K, 0% used [0x00000000ebd00000,0x00000000ebd00000,0x00000000edf00000)
  from space 1536K, 8% used [0x00000000eea80000,0x00000000eeaa0000,0x00000000eec00000)
  to   space 1536K, 0% used [0x00000000eec00000,0x00000000eec00000,0x00000000eed80000)
 ParOldGen       total 42496K, used 1512K [0x00000000c3600000, 0x00000000c5f80000, 0x00000000ebd00000)
  object space 42496K, 3% used [0x00000000c3600000,0x00000000c377a050,0x00000000c5f80000)
 Metaspace       used 6542K, capacity 6788K, committed 6912K, reserved 1056768K
  class space    used 698K, capacity 763K, committed 768K, reserved 1048576K
}

